<?xml version="1.0" encoding="UTF-8"?>
<testsuite name="com.example.emotech.demoEmoTechHS.DemoEmoTechHsApplicationTests" tests="1" skipped="0" failures="0" errors="0" timestamp="2023-03-10T03:38:53" hostname="Hardiks-MBP" time="0.252">
  <properties/>
  <testcase name="contextLoads()" classname="com.example.emotech.demoEmoTechHS.DemoEmoTechHsApplicationTests" time="0.252"/>
  <system-out><![CDATA[03:38:47.425 [Test worker] DEBUG org.springframework.boot.test.context.SpringBootTestContextBootstrapper - Neither @ContextConfiguration nor @ContextHierarchy found for test class [DemoEmoTechHsApplicationTests]: using SpringBootContextLoader
03:38:47.434 [Test worker] DEBUG org.springframework.test.context.support.AbstractContextLoader - Could not detect default resource locations for test class [com.example.emotech.demoEmoTechHS.DemoEmoTechHsApplicationTests]: no resource found for suffixes {-context.xml, Context.groovy}.
03:38:47.435 [Test worker] INFO org.springframework.test.context.support.AnnotationConfigContextLoaderUtils - Could not detect default configuration classes for test class [com.example.emotech.demoEmoTechHS.DemoEmoTechHsApplicationTests]: DemoEmoTechHsApplicationTests does not declare any static, non-private, non-final, nested classes annotated with @Configuration.
03:38:47.473 [Test worker] DEBUG org.springframework.boot.test.context.SpringBootTestContextBootstrapper - Using ContextCustomizers for test class [DemoEmoTechHsApplicationTests]: [DisableObservabilityContextCustomizer, PropertyMappingContextCustomizer, Customizer, ExcludeFilterContextCustomizer, DuplicateJsonObjectContextCustomizer, MockitoContextCustomizer, TestRestTemplateContextCustomizer]
03:38:47.586 [Test worker] DEBUG org.springframework.context.annotation.ClassPathScanningCandidateComponentProvider - Identified candidate component class: file [/Users/hardik/Downloads/Dev/demoEmoTechHS/build/classes/java/main/com/example/emotech/demoEmoTechHS/DemoEmoTechHsApplication.class]
03:38:47.588 [Test worker] INFO org.springframework.boot.test.context.SpringBootTestContextBootstrapper - Found @SpringBootConfiguration com.example.emotech.demoEmoTechHS.DemoEmoTechHsApplication for test class com.example.emotech.demoEmoTechHS.DemoEmoTechHsApplicationTests
03:38:47.734 [Test worker] DEBUG org.springframework.boot.test.context.SpringBootTestContextBootstrapper - Using TestExecutionListeners for test class [DemoEmoTechHsApplicationTests]: [ServletTestExecutionListener, DirtiesContextBeforeModesTestExecutionListener, ApplicationEventsTestExecutionListener, MockitoTestExecutionListener, DependencyInjectionTestExecutionListener, DirtiesContextTestExecutionListener, TransactionalTestExecutionListener, SqlScriptsTestExecutionListener, EventPublishingTestExecutionListener, RestDocsTestExecutionListener, MockRestServiceServerResetTestExecutionListener, MockMvcPrintOnlyOnFailureTestExecutionListener, WebDriverTestExecutionListener, MockWebServiceServerTestExecutionListener, ResetMocksTestExecutionListener]
03:38:47.736 [Test worker] DEBUG org.springframework.test.context.support.AbstractDirtiesContextTestExecutionListener - Before test class: class [DemoEmoTechHsApplicationTests], class annotated with @DirtiesContext [false] with mode [null]

  .   ____          _            __ _ _
 /\\ / ___'_ __ _ _(_)_ __  __ _ \ \ \ \
( ( )\___ | '_ | '_| | '_ \/ _` | \ \ \ \
 \\/  ___)| |_)| | | | | || (_| |  ) ) ) )
  '  |____| .__|_| |_|_| |_\__, | / / / /
 =========|_|==============|___/=/_/_/_/
 :: Spring Boot ::                (v3.0.4)

2023-03-10T03:38:48.261Z  INFO 41120 --- [    Test worker] c.e.e.d.DemoEmoTechHsApplicationTests    : Starting DemoEmoTechHsApplicationTests using Java 19.0.2 with PID 41120 (started by hardik in /Users/hardik/Downloads/Dev/demoEmoTechHS)
2023-03-10T03:38:48.264Z  INFO 41120 --- [    Test worker] c.e.e.d.DemoEmoTechHsApplicationTests    : No active profile set, falling back to 1 default profile: "default"
2023-03-10T03:38:49.265Z  INFO 41120 --- [    Test worker] .s.d.r.c.RepositoryConfigurationDelegate : Bootstrapping Spring Data JPA repositories in DEFAULT mode.
2023-03-10T03:38:49.337Z  INFO 41120 --- [    Test worker] .s.d.r.c.RepositoryConfigurationDelegate : Finished Spring Data repository scanning in 64 ms. Found 1 JPA repository interfaces.
2023-03-10T03:38:50.051Z  INFO 41120 --- [    Test worker] com.zaxxer.hikari.HikariDataSource       : HikariPool-1 - Starting...
2023-03-10T03:38:50.397Z  INFO 41120 --- [    Test worker] com.zaxxer.hikari.pool.HikariPool        : HikariPool-1 - Added connection conn0: url=jdbc:h2:mem:testdb user=SA
2023-03-10T03:38:50.404Z  INFO 41120 --- [    Test worker] com.zaxxer.hikari.HikariDataSource       : HikariPool-1 - Start completed.
2023-03-10T03:38:50.513Z  INFO 41120 --- [    Test worker] o.hibernate.jpa.internal.util.LogHelper  : HHH000204: Processing PersistenceUnitInfo [name: default]
2023-03-10T03:38:50.636Z  INFO 41120 --- [    Test worker] org.hibernate.Version                    : HHH000412: Hibernate ORM core version 6.1.7.Final
2023-03-10T03:38:51.074Z  INFO 41120 --- [    Test worker] SQL dialect                              : HHH000400: Using dialect: org.hibernate.dialect.H2Dialect
2023-03-10T03:38:51.890Z  INFO 41120 --- [    Test worker] o.h.e.t.j.p.i.JtaPlatformInitiator       : HHH000490: Using JtaPlatform implementation: [org.hibernate.engine.transaction.jta.platform.internal.NoJtaPlatform]
2023-03-10T03:38:51.897Z  INFO 41120 --- [    Test worker] j.LocalContainerEntityManagerFactoryBean : Initialized JPA EntityManagerFactory for persistence unit 'default'
2023-03-10T03:38:52.450Z  INFO 41120 --- [    Test worker] f.a.AutowiredAnnotationBeanPostProcessor : Autowired annotation is not supported on static fields: private static java.lang.String com.example.emotech.demoEmoTechHS.AudioWebSocketHandler.wsUrl
2023-03-10T03:38:52.724Z  WARN 41120 --- [    Test worker] JpaBaseConfiguration$JpaWebConfiguration : spring.jpa.open-in-view is enabled by default. Therefore, database queries may be performed during view rendering. Explicitly configure spring.jpa.open-in-view to disable this warning
2023-03-10T03:38:53.227Z  INFO 41120 --- [    Test worker] o.s.b.a.h2.H2ConsoleAutoConfiguration    : H2 console available at '/h2-console'. Database available at 'jdbc:h2:mem:testdb'
2023-03-10T03:38:53.311Z  INFO 41120 --- [    Test worker] c.e.e.d.DemoEmoTechHsApplicationTests    : Started DemoEmoTechHsApplicationTests in 5.44 seconds (process running for 7.265)
]]></system-out>
  <system-err><![CDATA[]]></system-err>
</testsuite>
